<?xml version="1.0" encoding="UTF-8"?>
<!-- Generated by org.testng.reporters.JUnitReportReporter -->
<testsuite hostname="LAPTOP-SB3IPN86" failures="0" tests="1" name="scripts.Test4" time="0.009" errors="0" timestamp="2023-09-30T13:31:51 IST" skipped="0">
  <testcase classname="scripts.Test4" name="tc4" time="0.009"/>
  <system-out>
    <![CDATA[Hello API]]>
  </system-out>
</testsuite> <!-- scripts.Test4 -->
