<?xml version="1.0" encoding="UTF-8"?>
<!-- Generated by org.testng.reporters.JUnitReportReporter -->
<testsuite hostname="LAPTOP-SB3IPN86" failures="0" tests="1" name="scripts.Test1" time="0.001" errors="0" timestamp="2023-09-30T13:31:51 IST" skipped="0">
  <testcase classname="scripts.Test1" name="tc1" time="0.001"/>
  <system-out>
    <![CDATA[Hello java]]>
  </system-out>
</testsuite> <!-- scripts.Test1 -->
